(0000) 3300  0011001100000000 (   4)                 .ORIG x3300
(3300) 94BF  1001010010111111 (   7) Sub             NOT   R2 R2
(3301) 14A1  0001010010100001 (   8)                 ADD   R2 R2 #1
(3302) 1042  0001000001000010 (   9)                 ADD   R0 R1 R2
(3303) C1C0  1100000111000000 (  10)                 RET   
(3304) 5020  0101000000100000 (  13) Mult            AND   R0 R0 #0
(3305) 527F  0101001001111111 (  14)                 AND   R1 R1 #-1
(3306) 0A02  0000101000000010 (  15)                 BRNP  Next
(3307) 5020  0101000000100000 (  16)                 AND   R0 R0 #0
(3308) C1C0  1100000111000000 (  17)                 RET   
(3309) 54BF  0101010010111111 (  18) Next            AND   R2 R2 #-1
(330A) 0A02  0000101000000010 (  19)                 BRNP  Next1
(330B) 5020  0101000000100000 (  20)                 AND   R0 R0 #0
(330C) C1C0  1100000111000000 (  21)                 RET   
(330D) 54BF  0101010010111111 (  22) Next1           AND   R2 R2 #-1
(330E) 0807  0000100000000111 (  23)                 BRN   MultN
(330F) 1001  0001000000000001 (  24) Loop            ADD   R0 R0 R1
(3310) 527F  0101001001111111 (  25)                 AND   R1 R1 #-1
(3311) 020D  0000001000001101 (  26)                 BRP   Pos
(3312) 0810  0000100000010000 (  27)                 BRN   Neg
(3313) 14BF  0001010010111111 (  28) Return          ADD   R2 R2 #-1
(3314) 03FA  0000001111111010 (  29)                 BRP   Loop
(3315) C1C0  1100000111000000 (  30)                 RET   
(3316) 1001  0001000000000001 (  31) MultN           ADD   R0 R0 R1
(3317) 527F  0101001001111111 (  32)                 AND   R1 R1 #-1
(3318) 020E  0000001000001110 (  33)                 BRP   Pos1
(3319) 0811  0000100000010001 (  34)                 BRN   Neg1
(331A) 14A1  0001010010100001 (  35) Return1         ADD   R2 R2 #1
(331B) 09FA  0000100111111010 (  36)                 BRN   MultN
(331C) 903F  1001000000111111 (  37)                 NOT   R0 R0
(331D) 1021  0001000000100001 (  38)                 ADD   R0 R0 #1
(331E) C1C0  1100000111000000 (  39)                 RET   
(331F) 503F  0101000000111111 (  40) Pos             AND   R0 R0 #-1
(3320) 080E  0000100000001110 (  41)                 BRN   MultE
(3321) 03F1  0000001111110001 (  42)                 BRP   Return
(3322) C1C0  1100000111000000 (  43)                 RET   
(3323) 503F  0101000000111111 (  44) Neg             AND   R0 R0 #-1
(3324) 020A  0000001000001010 (  45)                 BRP   MultE
(3325) 09ED  0000100111101101 (  46)                 BRN   Return
(3326) C1C0  1100000111000000 (  47)                 RET   
(3327) 503F  0101000000111111 (  48) Pos1            AND   R0 R0 #-1
(3328) 0806  0000100000000110 (  49)                 BRN   MultE
(3329) 03F0  0000001111110000 (  50)                 BRP   Return1
(332A) C1C0  1100000111000000 (  51)                 RET   
(332B) 503F  0101000000111111 (  52) Neg1            AND   R0 R0 #-1
(332C) 0202  0000001000000010 (  53)                 BRP   MultE
(332D) 09EC  0000100111101100 (  54)                 BRN   Return1
(332E) C1C0  1100000111000000 (  55)                 RET   
(332F) E0D9  1110000011011001 (  56) MultE           LEA   R0 Error1
(3330) F022  1111000000100010 (  57)                 TRAP  x22
(3331) 20D6  0010000011010110 (  58)                 LD    R0 Start
(3332) 4000  0100000000000000 (  59)                 JSRR  R0
(3333) 3EC9  0011111011001001 (  62) Div             ST    R7 DivRet
(3334) 5B60  0101101101100000 (  63)                 AND   R5 R5 #0
(3335) 5DA0  0101110110100000 (  64)                 AND   R6 R6 #0
(3336) 56FF  0101011011111111 (  65)                 AND   R3 R3 #-1
(3337) 0A02  0000101000000010 (  66)                 BRNP  Next2
(3338) 5020  0101000000100000 (  67)                 AND   R0 R0 #0
(3339) C1C0  1100000111000000 (  68)                 RET   
(333A) 593F  0101100100111111 (  69) Next2           AND   R4 R4 #-1
(333B) 0A04  0000101000000100 (  70)                 BRNP  Next3
(333C) E0ED  1110000011101101 (  71)                 LEA   R0 Error2
(333D) F022  1111000000100010 (  72)                 TRAP  x22
(333E) 20C9  0010000011001001 (  73)                 LD    R0 Start
(333F) 4000  0100000000000000 (  74)                 JSRR  R0
(3340) 56FF  0101011011111111 (  75) Next3           AND   R3 R3 #-1
(3341) 0603  0000011000000011 (  76)                 BRZP  Next10
(3342) 96FF  1001011011111111 (  77)                 NOT   R3 R3
(3343) 16E1  0001011011100001 (  78)                 ADD   R3 R3 #1
(3344) 1DA1  0001110110100001 (  79)                 ADD   R6 R6 #1
(3345) 593F  0101100100111111 (  80) Next10          AND   R4 R4 #-1
(3346) 0603  0000011000000011 (  81)                 BRZP  Next11
(3347) 993F  1001100100111111 (  82)                 NOT   R4 R4
(3348) 1921  0001100100100001 (  83)                 ADD   R4 R4 #1
(3349) 1DA1  0001110110100001 (  84)                 ADD   R6 R6 #1
(334A) 5260  0101001001100000 (  85) Next11          AND   R1 R1 #0
(334B) 54A0  0101010010100000 (  86)                 AND   R2 R2 #0
(334C) 1243  0001001001000011 (  87)                 ADD   R1 R1 R3
(334D) 1484  0001010010000100 (  88)                 ADD   R2 R2 R4
(334E) 4FB1  0100111110110001 (  89)                 JSR   Sub
(334F) 1B61  0001101101100001 (  90)                 ADD   R5 R5 #1
(3350) 56E0  0101011011100000 (  91)                 AND   R3 R3 #0
(3351) 16C0  0001011011000000 (  92)                 ADD   R3 R3 R0
(3352) 03ED  0000001111101101 (  93)                 BRP   Next3
(3353) 0601  0000011000000001 (  94)                 BRZP  Next9
(3354) 1B7F  0001101101111111 (  95)                 ADD   R5 R5 #-1
(3355) 5020  0101000000100000 (  96) Next9           AND   R0 R0 #0
(3356) 1005  0001000000000101 (  97)                 ADD   R0 R0 R5
(3357) 5DBF  0101110110111111 (  98)                 AND   R6 R6 #-1
(3358) 0C02  0000110000000010 (  99)                 BRNZ  Next12
(3359) 903F  1001000000111111 ( 100)                 NOT   R0 R0
(335A) 1021  0001000000100001 ( 101)                 ADD   R0 R0 #1
(335B) 2EA1  0010111010100001 ( 102) Next12          LD    R7 DivRet
(335C) C1C0  1100000111000000 ( 103)                 RET   
(335D) 3EA0  0011111010100000 ( 106) Floor           ST    R7 FloorRet
(335E) 32A0  0011001010100000 ( 107)                 ST    R1 Floor1
(335F) 34A0  0011010010100000 ( 108)                 ST    R2 Floor2
(3360) 269E  0010011010011110 ( 109)                 LD    R3 Floor1
(3361) 289E  0010100010011110 ( 110)                 LD    R4 Floor2
(3362) 4FD0  0100111111010000 ( 111)                 JSR   Div
(3363) 309D  0011000010011101 ( 112)                 ST    R0 Floor3
(3364) 229C  0010001010011100 ( 113)                 LD    R1 Floor3
(3365) 249A  0010010010011010 ( 114)                 LD    R2 Floor2
(3366) 4F9D  0100111110011101 ( 115)                 JSR   Mult
(3367) 309A  0011000010011010 ( 116)                 ST    R0 Floor4
(3368) 2296  0010001010010110 ( 117)                 LD    R1 Floor1
(3369) 2498  0010010010011000 ( 118)                 LD    R2 Floor4
(336A) 4F95  0100111110010101 ( 119)                 JSR   Sub
(336B) 2E92  0010111010010010 ( 120)                 LD    R7 FloorRet
(336C) C1C0  1100000111000000 ( 121)                 RET   
(336D) 3E95  0011111010010101 ( 124) Exp             ST    R7 ExpRet
(336E) 5020  0101000000100000 ( 125)                 AND   R0 R0 #0
(336F) 1003  0001000000000011 ( 126)                 ADD   R0 R0 R3
(3370) 54A0  0101010010100000 ( 127)                 AND   R2 R2 #0
(3371) 1483  0001010010000011 ( 128)                 ADD   R2 R2 R3
(3372) 193F  0001100100111111 ( 129)                 ADD   R4 R4 #-1
(3373) 020B  0000001000001011 ( 130)                 BRP   Loop2
(3374) 0405  0000010000000101 ( 131)                 BRZ   Next4
(3375) 1921  0001100100100001 ( 132)                 ADD   R4 R4 #1
(3376) 0804  0000100000000100 ( 133)                 BRN   Next16
(3377) 5020  0101000000100000 ( 134)                 AND   R0 R0 #0
(3378) 1021  0001000000100001 ( 135)                 ADD   R0 R0 #1
(3379) C1C0  1100000111000000 ( 136)                 RET   
(337A) C1C0  1100000111000000 ( 137) Next4           RET   
(337B) E0C7  1110000011000111 ( 138) Next16          LEA   R0 Error3
(337C) F022  1111000000100010 ( 139)                 TRAP  x22
(337D) 208A  0010000010001010 ( 140)                 LD    R0 Start
(337E) 4000  0100000000000000 ( 141)                 JSRR  R0
(337F) 5260  0101001001100000 ( 142) Loop2           AND   R1 R1 #0
(3380) 1240  0001001001000000 ( 143)                 ADD   R1 R1 R0
(3381) 14E0  0001010011100000 ( 144)                 ADD   R2 R3 #0
(3382) 4F81  0100111110000001 ( 145)                 JSR   Mult
(3383) 193F  0001100100111111 ( 146)                 ADD   R4 R4 #-1
(3384) 03FA  0000001111111010 ( 147)                 BRP   Loop2
(3385) 2E7D  0010111001111101 ( 148)                 LD    R7 ExpRet
(3386) C1C0  1100000111000000 ( 149)                 RET   
(3387) 3E7C  0011111001111100 ( 152) Root            ST    R7 RootRet
(3388) 56E0  0101011011100000 ( 153)                 AND   R3 R3 #0
(3389) 5920  0101100100100000 ( 154)                 AND   R4 R4 #0
(338A) 5B60  0101101101100000 ( 155)                 AND   R5 R5 #0
(338B) 3279  0011001001111001 ( 156)                 ST    R1 Root1
(338C) 3479  0011010001111001 ( 157)                 ST    R2 Root2
(338D) 2278  0010001001111000 ( 158)                 LD    R1 Root2
(338E) 54A0  0101010010100000 ( 159)                 AND   R2 R2 #0
(338F) 14A2  0001010010100010 ( 160)                 ADD   R2 R2 #2
(3390) 4FCC  0100111111001100 ( 161)                 JSR   Floor
(3391) 503F  0101000000111111 ( 162)                 AND   R0 R0 #-1
(3392) 0206  0000001000000110 ( 163)                 BRP   Next15
(3393) 2271  0010001001110001 ( 164)                 LD    R1 Root1
(3394) 0604  0000011000000100 ( 165)                 BRZP  Next15
(3395) E0D5  1110000011010101 ( 166)                 LEA   R0 Error4
(3396) F022  1111000000100010 ( 167)                 TRAP  x22
(3397) 2070  0010000001110000 ( 168)                 LD    R0 Start
(3398) 4000  0100000000000000 ( 169)                 JSRR  R0
(3399) 2C6B  0010110001101011 ( 170) Next15          LD    R6 Root1
(339A) 2E6B  0010111001101011 ( 171)                 LD    R7 Root2
(339B) 16C6  0001011011000110 ( 172)                 ADD   R3 R3 R6
(339C) 1907  0001100100000111 ( 173)                 ADD   R4 R4 R7
(339D) 4F95  0100111110010101 ( 174)                 JSR   Div
(339E) 1620  0001011000100000 ( 175)                 ADD   R3 R0 #0
(339F) 2866  0010100001100110 ( 176)                 LD    R4 Root2
(33A0) 4F92  0100111110010010 ( 177)                 JSR   Div
(33A1) 1620  0001011000100000 ( 178)                 ADD   R3 R0 #0
(33A2) 2863  0010100001100011 ( 179)                 LD    R4 Root2
(33A3) 4F8F  0100111110001111 ( 180)                 JSR   Div
(33A4) 1620  0001011000100000 ( 181)                 ADD   R3 R0 #0
(33A5) 2860  0010100001100000 ( 182)                 LD    R4 Root2
(33A6) 4F8C  0100111110001100 ( 183)                 JSR   Div
(33A7) 1620  0001011000100000 ( 184)                 ADD   R3 R0 #0
(33A8) 285D  0010100001011101 ( 185)                 LD    R4 Root2
(33A9) 4F89  0100111110001001 ( 186)                 JSR   Div
(33AA) 305C  0011000001011100 ( 187)                 ST    R0 RootAns
(33AB) 56E0  0101011011100000 ( 188)                 AND   R3 R3 #0
(33AC) 5920  0101100100100000 ( 189)                 AND   R4 R4 #0
(33AD) 16C0  0001011011000000 ( 190)                 ADD   R3 R3 R0
(33AE) 2C57  0010110001010111 ( 191)                 LD    R6 Root2
(33AF) 1906  0001100100000110 ( 192)                 ADD   R4 R4 R6
(33B0) 4FBC  0100111110111100 ( 193)                 JSR   Exp
(33B1) 5260  0101001001100000 ( 194)                 AND   R1 R1 #0
(33B2) 54A0  0101010010100000 ( 195)                 AND   R2 R2 #0
(33B3) 2C51  0010110001010001 ( 196)                 LD    R6 Root1
(33B4) 1246  0001001001000110 ( 197)                 ADD   R1 R1 R6
(33B5) 1480  0001010010000000 ( 198)                 ADD   R2 R2 R0
(33B6) 4F49  0100111101001001 ( 199)                 JSR   Sub
(33B7) 503F  0101000000111111 ( 200)                 AND   R0 R0 #-1
(33B8) 0806  0000100000000110 ( 201)                 BRN   RootN
(33B9) 0224  0000001000100100 ( 202)                 BRP   RootP
(33BA) 5020  0101000000100000 ( 203)                 AND   R0 R0 #0
(33BB) 2C4B  0010110001001011 ( 204)                 LD    R6 RootAns
(33BC) 1006  0001000000000110 ( 205)                 ADD   R0 R0 R6
(33BD) 2E46  0010111001000110 ( 206)                 LD    R7 RootRet
(33BE) C1C0  1100000111000000 ( 207)                 RET   
(33BF) 2647  0010011001000111 ( 208) RootN           LD    R3 RootAns
(33C0) 16FF  0001011011111111 ( 209)                 ADD   R3 R3 #-1
(33C1) 3645  0011011001000101 ( 210)                 ST    R3 RootAns
(33C2) 5920  0101100100100000 ( 211)                 AND   R4 R4 #0
(33C3) 2E42  0010111001000010 ( 212)                 LD    R7 Root2
(33C4) 1907  0001100100000111 ( 213)                 ADD   R4 R4 R7
(33C5) 4FA7  0100111110100111 ( 214)                 JSR   Exp
(33C6) 5260  0101001001100000 ( 215)                 AND   R1 R1 #0
(33C7) 54A0  0101010010100000 ( 216)                 AND   R2 R2 #0
(33C8) 2E3C  0010111000111100 ( 217)                 LD    R7 Root1
(33C9) 1247  0001001001000111 ( 218)                 ADD   R1 R1 R7
(33CA) 1480  0001010010000000 ( 219)                 ADD   R2 R2 R0
(33CB) 4F34  0100111100110100 ( 220)                 JSR   Sub
(33CC) 503F  0101000000111111 ( 221)                 AND   R0 R0 #-1
(33CD) 0C01  0000110000000001 ( 222)                 BRNZ  Next5
(33CE) 1DA1  0001110110100001 ( 223)                 ADD   R6 R6 #1
(33CF) 1DBE  0001110110111110 ( 224) Next5           ADD   R6 R6 #-2
(33D0) 0A05  0000101000000101 ( 225)                 BRNP  Next6
(33D1) 2035  0010000000110101 ( 226)                 LD    R0 RootAns
(33D2) 0201  0000001000000001 ( 227)                 BRP   Next13
(33D3) 1021  0001000000100001 ( 228)                 ADD   R0 R0 #1
(33D4) 2E2F  0010111000101111 ( 229) Next13          LD    R7 RootRet
(33D5) C1C0  1100000111000000 ( 230)                 RET   
(33D6) 503F  0101000000111111 ( 231) Next6           AND   R0 R0 #-1
(33D7) 0206  0000001000000110 ( 232)                 BRP   RootP
(33D8) 5DA0  0101110110100000 ( 233)                 AND   R6 R6 #0
(33D9) 503F  0101000000111111 ( 234)                 AND   R0 R0 #-1
(33DA) 09E4  0000100111100100 ( 235)                 BRN   RootN
(33DB) 202B  0010000000101011 ( 236)                 LD    R0 RootAns
(33DC) 2E27  0010111000100111 ( 237)                 LD    R7 RootRet
(33DD) C1C0  1100000111000000 ( 238)                 RET   
(33DE) 2628  0010011000101000 ( 239) RootP           LD    R3 RootAns
(33DF) 16E1  0001011011100001 ( 240)                 ADD   R3 R3 #1
(33E0) 3626  0011011000100110 ( 241)                 ST    R3 RootAns
(33E1) 5920  0101100100100000 ( 242)                 AND   R4 R4 #0
(33E2) 2E23  0010111000100011 ( 243)                 LD    R7 Root2
(33E3) 1907  0001100100000111 ( 244)                 ADD   R4 R4 R7
(33E4) 4F88  0100111110001000 ( 245)                 JSR   Exp
(33E5) 5260  0101001001100000 ( 246)                 AND   R1 R1 #0
(33E6) 54A0  0101010010100000 ( 247)                 AND   R2 R2 #0
(33E7) 2E1D  0010111000011101 ( 248)                 LD    R7 Root1
(33E8) 1247  0001001001000111 ( 249)                 ADD   R1 R1 R7
(33E9) 1480  0001010010000000 ( 250)                 ADD   R2 R2 R0
(33EA) 4F15  0100111100010101 ( 251)                 JSR   Sub
(33EB) 503F  0101000000111111 ( 252)                 AND   R0 R0 #-1
(33EC) 0601  0000011000000001 ( 253)                 BRZP  Next7
(33ED) 1DA1  0001110110100001 ( 254)                 ADD   R6 R6 #1
(33EE) 1DBE  0001110110111110 ( 255) Next7           ADD   R6 R6 #-2
(33EF) 0A05  0000101000000101 ( 256)                 BRNP  Next8
(33F0) 2016  0010000000010110 ( 257)                 LD    R0 RootAns
(33F1) 0201  0000001000000001 ( 258)                 BRP   Next14
(33F2) 1021  0001000000100001 ( 259)                 ADD   R0 R0 #1
(33F3) 2E10  0010111000010000 ( 260) Next14          LD    R7 RootRet
(33F4) C1C0  1100000111000000 ( 261)                 RET   
(33F5) 503F  0101000000111111 ( 262) Next8           AND   R0 R0 #-1
(33F6) 09C8  0000100111001000 ( 263)                 BRN   RootN
(33F7) 5DA0  0101110110100000 ( 264)                 AND   R6 R6 #0
(33F8) 503F  0101000000111111 ( 265)                 AND   R0 R0 #-1
(33F9) 03E4  0000001111100100 ( 266)                 BRP   RootP
(33FA) 200C  0010000000001100 ( 267)                 LD    R0 RootAns
(33FB) 2E08  0010111000001000 ( 268)                 LD    R7 RootRet
(33FC) C1C0  1100000111000000 ( 269)                 RET   
(33FD) 0000  0000000000000000 ( 272) DivRet          .FILL x0000
(33FE) 0000  0000000000000000 ( 273) FloorRet        .FILL x0000
(33FF) 0000  0000000000000000 ( 274) Floor1          .FILL x0000
(3400) 0000  0000000000000000 ( 275) Floor2          .FILL x0000
(3401) 0000  0000000000000000 ( 276) Floor3          .FILL x0000
(3402) 0000  0000000000000000 ( 277) Floor4          .FILL x0000
(3403) 0000  0000000000000000 ( 278) ExpRet          .FILL x0000
(3404) 0000  0000000000000000 ( 279) RootRet         .FILL x0000
(3405) 0000  0000000000000000 ( 280) Root1           .FILL x0000
(3406) 0000  0000000000000000 ( 281) Root2           .FILL x0000
(3407) 0000  0000000000000000 ( 282) RootAns         .FILL x0000
(3408) 3000  0011000000000000 ( 282) Start           .FILL x3000
(3409) 0045  0000000001000101 ( 283) Error1          .FILL x0045
(340A) 0052  0000000001010010 ( 283)                 .FILL x0052
(340B) 0052  0000000001010010 ( 283)                 .FILL x0052
(340C) 004F  0000000001001111 ( 283)                 .FILL x004F
(340D) 0052  0000000001010010 ( 283)                 .FILL x0052
(340E) 003A  0000000000111010 ( 283)                 .FILL x003A
(340F) 0020  0000000000100000 ( 283)                 .FILL x0020
(3410) 004E  0000000001001110 ( 283)                 .FILL x004E
(3411) 0075  0000000001110101 ( 283)                 .FILL x0075
(3412) 006D  0000000001101101 ( 283)                 .FILL x006D
(3413) 0062  0000000001100010 ( 283)                 .FILL x0062
(3414) 0065  0000000001100101 ( 283)                 .FILL x0065
(3415) 0072  0000000001110010 ( 283)                 .FILL x0072
(3416) 0020  0000000000100000 ( 283)                 .FILL x0020
(3417) 0074  0000000001110100 ( 283)                 .FILL x0074
(3418) 006F  0000000001101111 ( 283)                 .FILL x006F
(3419) 006F  0000000001101111 ( 283)                 .FILL x006F
(341A) 0020  0000000000100000 ( 283)                 .FILL x0020
(341B) 006C  0000000001101100 ( 283)                 .FILL x006C
(341C) 0061  0000000001100001 ( 283)                 .FILL x0061
(341D) 0072  0000000001110010 ( 283)                 .FILL x0072
(341E) 0067  0000000001100111 ( 283)                 .FILL x0067
(341F) 0065  0000000001100101 ( 283)                 .FILL x0065
(3420) 0020  0000000000100000 ( 283)                 .FILL x0020
(3421) 0066  0000000001100110 ( 283)                 .FILL x0066
(3422) 006F  0000000001101111 ( 283)                 .FILL x006F
(3423) 0072  0000000001110010 ( 283)                 .FILL x0072
(3424) 0020  0000000000100000 ( 283)                 .FILL x0020
(3425) 004C  0000000001001100 ( 283)                 .FILL x004C
(3426) 0043  0000000001000011 ( 283)                 .FILL x0043
(3427) 0033  0000000000110011 ( 283)                 .FILL x0033
(3428) 002E  0000000000101110 ( 283)                 .FILL x002E
(3429) 0000  0000000000000000 ( 283)                 .FILL x0000
(342A) 0045  0000000001000101 ( 284) Error2          .FILL x0045
(342B) 0052  0000000001010010 ( 284)                 .FILL x0052
(342C) 0052  0000000001010010 ( 284)                 .FILL x0052
(342D) 004F  0000000001001111 ( 284)                 .FILL x004F
(342E) 0052  0000000001010010 ( 284)                 .FILL x0052
(342F) 003A  0000000000111010 ( 284)                 .FILL x003A
(3430) 0020  0000000000100000 ( 284)                 .FILL x0020
(3431) 0030  0000000000110000 ( 284)                 .FILL x0030
(3432) 0020  0000000000100000 ( 284)                 .FILL x0020
(3433) 0069  0000000001101001 ( 284)                 .FILL x0069
(3434) 006E  0000000001101110 ( 284)                 .FILL x006E
(3435) 0020  0000000000100000 ( 284)                 .FILL x0020
(3436) 0044  0000000001000100 ( 284)                 .FILL x0044
(3437) 0065  0000000001100101 ( 284)                 .FILL x0065
(3438) 006E  0000000001101110 ( 284)                 .FILL x006E
(3439) 006F  0000000001101111 ( 284)                 .FILL x006F
(343A) 006D  0000000001101101 ( 284)                 .FILL x006D
(343B) 0069  0000000001101001 ( 284)                 .FILL x0069
(343C) 006E  0000000001101110 ( 284)                 .FILL x006E
(343D) 0061  0000000001100001 ( 284)                 .FILL x0061
(343E) 0074  0000000001110100 ( 284)                 .FILL x0074
(343F) 006F  0000000001101111 ( 284)                 .FILL x006F
(3440) 0072  0000000001110010 ( 284)                 .FILL x0072
(3441) 002E  0000000000101110 ( 284)                 .FILL x002E
(3442) 0000  0000000000000000 ( 284)                 .FILL x0000
(3443) 0045  0000000001000101 ( 285) Error3          .FILL x0045
(3444) 0052  0000000001010010 ( 285)                 .FILL x0052
(3445) 0052  0000000001010010 ( 285)                 .FILL x0052
(3446) 004F  0000000001001111 ( 285)                 .FILL x004F
(3447) 0052  0000000001010010 ( 285)                 .FILL x0052
(3448) 003A  0000000000111010 ( 285)                 .FILL x003A
(3449) 0020  0000000000100000 ( 285)                 .FILL x0020
(344A) 0055  0000000001010101 ( 285)                 .FILL x0055
(344B) 006E  0000000001101110 ( 285)                 .FILL x006E
(344C) 0061  0000000001100001 ( 285)                 .FILL x0061
(344D) 0062  0000000001100010 ( 285)                 .FILL x0062
(344E) 006C  0000000001101100 ( 285)                 .FILL x006C
(344F) 0065  0000000001100101 ( 285)                 .FILL x0065
(3450) 0020  0000000000100000 ( 285)                 .FILL x0020
(3451) 0074  0000000001110100 ( 285)                 .FILL x0074
(3452) 006F  0000000001101111 ( 285)                 .FILL x006F
(3453) 0020  0000000000100000 ( 285)                 .FILL x0020
(3454) 0064  0000000001100100 ( 285)                 .FILL x0064
(3455) 006F  0000000001101111 ( 285)                 .FILL x006F
(3456) 0020  0000000000100000 ( 285)                 .FILL x0020
(3457) 006E  0000000001101110 ( 285)                 .FILL x006E
(3458) 0065  0000000001100101 ( 285)                 .FILL x0065
(3459) 0067  0000000001100111 ( 285)                 .FILL x0067
(345A) 0061  0000000001100001 ( 285)                 .FILL x0061
(345B) 0074  0000000001110100 ( 285)                 .FILL x0074
(345C) 0069  0000000001101001 ( 285)                 .FILL x0069
(345D) 0076  0000000001110110 ( 285)                 .FILL x0076
(345E) 0065  0000000001100101 ( 285)                 .FILL x0065
(345F) 0020  0000000000100000 ( 285)                 .FILL x0020
(3460) 0065  0000000001100101 ( 285)                 .FILL x0065
(3461) 0078  0000000001111000 ( 285)                 .FILL x0078
(3462) 0070  0000000001110000 ( 285)                 .FILL x0070
(3463) 006F  0000000001101111 ( 285)                 .FILL x006F
(3464) 006E  0000000001101110 ( 285)                 .FILL x006E
(3465) 0065  0000000001100101 ( 285)                 .FILL x0065
(3466) 006E  0000000001101110 ( 285)                 .FILL x006E
(3467) 0074  0000000001110100 ( 285)                 .FILL x0074
(3468) 0073  0000000001110011 ( 285)                 .FILL x0073
(3469) 002E  0000000000101110 ( 285)                 .FILL x002E
(346A) 0000  0000000000000000 ( 285)                 .FILL x0000
(346B) 0045  0000000001000101 ( 286) Error4          .FILL x0045
(346C) 0052  0000000001010010 ( 286)                 .FILL x0052
(346D) 0052  0000000001010010 ( 286)                 .FILL x0052
(346E) 004F  0000000001001111 ( 286)                 .FILL x004F
(346F) 0052  0000000001010010 ( 286)                 .FILL x0052
(3470) 003A  0000000000111010 ( 286)                 .FILL x003A
(3471) 0020  0000000000100000 ( 286)                 .FILL x0020
(3472) 004E  0000000001001110 ( 286)                 .FILL x004E
(3473) 0065  0000000001100101 ( 286)                 .FILL x0065
(3474) 0067  0000000001100111 ( 286)                 .FILL x0067
(3475) 0061  0000000001100001 ( 286)                 .FILL x0061
(3476) 0074  0000000001110100 ( 286)                 .FILL x0074
(3477) 0069  0000000001101001 ( 286)                 .FILL x0069
(3478) 0076  0000000001110110 ( 286)                 .FILL x0076
(3479) 0065  0000000001100101 ( 286)                 .FILL x0065
(347A) 0020  0000000000100000 ( 286)                 .FILL x0020
(347B) 0076  0000000001110110 ( 286)                 .FILL x0076
(347C) 0061  0000000001100001 ( 286)                 .FILL x0061
(347D) 006C  0000000001101100 ( 286)                 .FILL x006C
(347E) 0075  0000000001110101 ( 286)                 .FILL x0075
(347F) 0065  0000000001100101 ( 286)                 .FILL x0065
(3480) 0020  0000000000100000 ( 286)                 .FILL x0020
(3481) 0069  0000000001101001 ( 286)                 .FILL x0069
(3482) 006E  0000000001101110 ( 286)                 .FILL x006E
(3483) 0020  0000000000100000 ( 286)                 .FILL x0020
(3484) 0065  0000000001100101 ( 286)                 .FILL x0065
(3485) 0076  0000000001110110 ( 286)                 .FILL x0076
(3486) 0065  0000000001100101 ( 286)                 .FILL x0065
(3487) 006E  0000000001101110 ( 286)                 .FILL x006E
(3488) 0020  0000000000100000 ( 286)                 .FILL x0020
(3489) 0072  0000000001110010 ( 286)                 .FILL x0072
(348A) 006F  0000000001101111 ( 286)                 .FILL x006F
(348B) 006F  0000000001101111 ( 286)                 .FILL x006F
(348C) 0074  0000000001110100 ( 286)                 .FILL x0074
(348D) 002E  0000000000101110 ( 286)                 .FILL x002E
(348E) 0000  0000000000000000 ( 286)                 .FILL x0000
